<?xml version="1.0" encoding="utf-8"?>
<log version="1.0" tool="runtool">

<msg id="1" tool="runtool">
  <type>log-start</type>
  <arg>2024/04/01 21:08:38</arg>
</msg>
<msg id="2" tool="runtool">
  <type>bandwidth-measurement-starts</type>
</msg>
<msg id="3" tool="runtool">
  <type>bandwidth-measurement-done</type>
</msg>
<msg id="4" tool="runtool">
  <type>collector-starts</type>
</msg>
<msg id="5" tool="runtool">
  <type>marker-file</type>
  <arg>/mnt/lustre/e1000/home/m23oc/m23oc/s2484724/MD/C/opt_results/e000/trc000/trc000.advixe</arg>
</msg>
<msg id="6" tool="trc">
  <type>PROCESS_START</type>
  <arg>/mnt/lustre/e1000/home/m23oc/m23oc/s2484724/MD/C/MD</arg>
  <arg>653489</arg>
  <severity>INFO</severity>
  <timestamp>Mon Apr  1 21:08:54 2024</timestamp>
</msg>
<msg id="7" tool="trc">
  <type>PROCESS_ANALYSIS_MODE</type>
  <arg>full</arg>
  <severity>INFO</severity>
  <timestamp>Mon Apr  1 21:08:54 2024</timestamp>
</msg>
<msg id="8" tool="trc">
  <type>LOAD_MODULE</type>
  <arg>/mnt/lustre/e1000/home/m23oc/m23oc/s2484724/MD/C/MD</arg>
  <arg>0x400000</arg>
  <arg>0x60d4ff</arg>
  <arg>yes</arg>
  <severity>INFO</severity>
  <timestamp>Mon Apr  1 21:08:54 2024</timestamp>
</msg>
<msg id="9" tool="trc">
  <type>LOAD_MODULE</type>
  <arg>/lib64/ld-linux-x86-64.so.2</arg>
  <arg>0x153db78a3000</arg>
  <arg>0x153db7ad11cf</arg>
  <arg>yes</arg>
  <severity>INFO</severity>
  <timestamp>Mon Apr  1 21:08:54 2024</timestamp>
</msg>
<msg id="10" tool="trc">
  <type>LOAD_MODULE</type>
  <arg>[vdso]</arg>
  <arg>0x7ffda1f9c000</arg>
  <arg>0x7ffda1f9cf5c</arg>
  <arg>no</arg>
  <severity>INFO</severity>
  <timestamp>Mon Apr  1 21:08:54 2024</timestamp>
</msg>
<msg id="11" tool="trc">
  <type>LOAD_MODULE</type>
  <arg>/lib64/libm.so.6</arg>
  <arg>0x153da1be6000</arg>
  <arg>0x153da1f6713f</arg>
  <arg>yes</arg>
  <severity>INFO</severity>
  <timestamp>Mon Apr  1 21:08:55 2024</timestamp>
</msg>
<msg id="12" tool="trc">
  <type>LOAD_MODULE</type>
  <arg>/work/y07/shared/cirrus-software/gcc/10.2.0/lib64/libgcc_s.so.1</arg>
  <arg>0x153da196a000</arg>
  <arg>0x153da1b81447</arg>
  <arg>yes</arg>
  <severity>INFO</severity>
  <timestamp>Mon Apr  1 21:08:55 2024</timestamp>
</msg>
<msg id="13" tool="trc">
  <type>LOAD_MODULE</type>
  <arg>/lib64/libc.so.6</arg>
  <arg>0x153da15a5000</arg>
  <arg>0x153da196973f</arg>
  <arg>yes</arg>
  <severity>INFO</severity>
  <timestamp>Mon Apr  1 21:08:55 2024</timestamp>
</msg>
<msg id="14" tool="trc">
  <type>LOAD_MODULE</type>
  <arg>/lib64/libdl.so.2</arg>
  <arg>0x153da13a0000</arg>
  <arg>0x153da15a312f</arg>
  <arg>yes</arg>
  <severity>INFO</severity>
  <timestamp>Mon Apr  1 21:08:55 2024</timestamp>
</msg>
<msg id="15" tool="trc">
  <type>UNLOAD_MODULE</type>
  <arg>/mnt/lustre/e1000/home/m23oc/m23oc/s2484724/MD/C/MD</arg>
  <severity>INFO</severity>
  <timestamp>Mon Apr  1 21:13:16 2024</timestamp>
</msg>
<msg id="16" tool="trc">
  <type>UNLOAD_MODULE</type>
  <arg>/lib64/ld-linux-x86-64.so.2</arg>
  <severity>INFO</severity>
  <timestamp>Mon Apr  1 21:13:16 2024</timestamp>
</msg>
<msg id="17" tool="trc">
  <type>UNLOAD_MODULE</type>
  <arg>[vdso]</arg>
  <severity>INFO</severity>
  <timestamp>Mon Apr  1 21:13:16 2024</timestamp>
</msg>
<msg id="18" tool="trc">
  <type>UNLOAD_MODULE</type>
  <arg>/lib64/libm.so.6</arg>
  <severity>INFO</severity>
  <timestamp>Mon Apr  1 21:13:16 2024</timestamp>
</msg>
<msg id="19" tool="trc">
  <type>UNLOAD_MODULE</type>
  <arg>/work/y07/shared/cirrus-software/gcc/10.2.0/lib64/libgcc_s.so.1</arg>
  <severity>INFO</severity>
  <timestamp>Mon Apr  1 21:13:16 2024</timestamp>
</msg>
<msg id="20" tool="trc">
  <type>UNLOAD_MODULE</type>
  <arg>/lib64/libc.so.6</arg>
  <severity>INFO</severity>
  <timestamp>Mon Apr  1 21:13:16 2024</timestamp>
</msg>
<msg id="21" tool="trc">
  <type>UNLOAD_MODULE</type>
  <arg>/lib64/libdl.so.2</arg>
  <severity>INFO</severity>
  <timestamp>Mon Apr  1 21:13:16 2024</timestamp>
</msg>
<msg id="22" tool="trc">
  <type>PROCESS_FINISH</type>
  <arg>/mnt/lustre/e1000/home/m23oc/m23oc/s2484724/MD/C/MD</arg>
  <arg>653489</arg>
  <arg>0x0</arg>
  <severity>INFO</severity>
  <timestamp>Mon Apr  1 21:13:16 2024</timestamp>
</msg>
<msg id="23" tool="runtool">
  <type>app-exit-code</type>
  <arg>0</arg>
</msg>
<msg id="24" tool="runtool">
  <type>marker-file</type>
  <arg>/mnt/lustre/e1000/home/m23oc/m23oc/s2484724/MD/C/opt_results/e000/trc000/trc000.advixe</arg>
</msg>
<msg id="25" tool="runtool">
  <type>collector-done</type>
</msg>
<msg id="26" tool="runtool">
  <type>log-end</type>
  <arg>2024/04/01 21:13:20</arg>
</msg>

</log>

