11 [23389959681920] INFO perfrun.launcher <> - Launcher main begin
22 [23389959681920] INFO perfrun.launcher <> - MessageCatalogInit finished
22 [23389959681920] INFO perfrun.launcher <> - Launcher instance created
22 [23389959681920] INFO perfrun.launcher <> - argc = 7; cmdline = /mnt/lustre/e1000/home/y07/shared/cirrus-software/intel/advisor_2020.3.0.607294/bin64/advixe-runss --ui-output-format xml --ui-output-fd 8 --option-file /mnt/lustre/e1000/home/m23oc/m23oc/s2484724/MD/C/opt_results/e000/hs001/config/runss.options 
72 [23389959681920] INFO perfrun.launcher <> - plugin remoteplug has been added successfully
72 [23389959681920] INFO perfrun.launcher <> - plugin system has been added successfully
72 [23389959681920] INFO perfrun.launcher <> - plugin vdso has been added successfully
72 [23389959681920] INFO perfrun.launcher <> - plugin itt has been added successfully
72 [23389959681920] INFO perfrun.launcher <> - plugin  has been added successfully
72 [23389959681920] INFO perfrun.launcher <> - plugin gpu has been added successfully
72 [23389959681920] INFO perfrun.launcher <> - plugin  has been added successfully
72 [23389959681920] INFO perfrun.launcher <> - plugin  has been added successfully
72 [23389959681920] INFO perfrun.launcher <> - plugin  has been added successfully
72 [23389959681920] INFO perfrun.launcher <> - plugin mrte has been added successfully
72 [23389959681920] INFO perfrun.launcher <> - plugin  has been added successfully
72 [23389959681920] INFO perfrun.launcher <> - plugin  has been added successfully
72 [23389959681920] INFO perfrun.launcher <> - plugin  has been added successfully
81 [23389959681920] INFO perfrun.launcher <> - plugin  has been added successfully
81 [23389959681920] INFO perfrun.launcher <> - plugin  has been added successfully
81 [23389959681920] INFO perfrun.launcher <> - plugin  has been added successfully
81 [23389959681920] INFO perfrun.launcher <> - plugin  has been added successfully
81 [23389959681920] INFO perfrun.launcher <> - plugin tpss has been added successfully
81 [23389959681920] INFO perfrun.launcher <> - plugin  has been added successfully
81 [23389959681920] INFO perfrun.launcher <> - plugin  has been added successfully
81 [23389959681920] INFO perfrun.launcher <> - plugin  has been added successfully
81 [23389959681920] INFO perfrun.launcher <> - plugin  has been added successfully
81 [23389959681920] INFO perfrun.launcher <> - plugin  has been added successfully
81 [23389959681920] INFO perfrun.launcher <> - plugin  has been added successfully
81 [23389959681920] INFO perfrun.launcher <> - plugin  has been added successfully
81 [23389959681920] INFO perfrun.launcher <> - plugin  has been added successfully
81 [23389959681920] INFO perfrun.launcher <> - plugin  has been added successfully
81 [23389959681920] INFO perfrun.launcher <> - plugin  has been added successfully
81 [23389959681920] INFO perfrun.launcher <> - the option was added --interval: Specify an interval of data collection (for example, sampling) in milliseconds.
81 [23389959681920] INFO perfrun.launcher <> - the option was added --follow-child: Profile process with or without children.
81 [23389959681920] INFO perfrun.launcher <> - the option was added --gelding: BADMSG: perfrun1.launcher.plugin_manager::gelding
81 [23389959681920] INFO perfrun.launcher <> - the option was added --time-source: Specify time source for measurement. Possible values: sys - wall clock time; tsc - time stamp counter; ext - time from an external source; auto - auto select accurate time source.
81 [23389959681920] INFO perfrun.launcher <> - the option was added --stack: Enable or disable collection of stacks.
81 [23389959681920] INFO perfrun.launcher <> - the option was added --stack-stitching: Enable or disable the stack stitching algorithm for Intel TBB-based applications.
81 [23389959681920] INFO perfrun.launcher <> - the option was added --type: Specify type of data to be collected. For example, --type cpu:counters,waiting:nostack,io.
81 [23389959681920] INFO perfrun.launcher <> - the option was added --mrte-mode: Specify Java/.NET/other managed runtime collection mode. Possible values: native - collect information only for native code; managed - collect information only for managed code; mixed - collect information for both managed and native code; auto - choose the mode based on binary type.
81 [23389959681920] INFO perfrun.launcher <> - the option was added --mrte-mode-list: List supported Java/.NET/other managed runtime collection modes.
81 [23389959681920] INFO perfrun.launcher <> - the option was added --mrte-type: Specify which managed runtimes to collect. Possible values: java - collect information for Java; dotnet - collect information for .NET; python - collect information for CPython. You can specify several values separated by comma.
81 [23389959681920] INFO perfrun.launcher <> - the option was added --mrte-type-list: List supported Java/.NET/other managed runtime types.
81 [23389959681920] INFO perfrun.launcher <> - the option was added --trace-strategy: Specify how to profile a process tree. <string> can be "<process>:trace:notrace" - profile the process but do not profile its children. Shorthand parameters: t - trace, nt - notrace. For example, "vtunedemo.exe:t:t".
81 [23389959681920] INFO perfrun.launcher <> - the option was added --collector: BADMSG: perfrun1.launcher.plugin_manager::collector
81 [23389959681920] INFO perfrun.launcher <> - the option was added --system-wide: Enable system-wide profiling. This mode may require additional permissions.
81 [23389959681920] INFO perfrun.launcher <> - the option was added --kvm-guest: Enable KVM guest OS profiling.
82 [23389959681920] INFO perfrun.launcher <> - the option was added --kvm-guest-kallsyms: Specify a local path to the /proc/kallsyms file copied from the guest OS for proper symbol resolution.
82 [23389959681920] INFO perfrun.launcher <> - the option was added --kvm-guest-modules: Specify a local path to the /proc/modules file copied from the guest OS for proper symbol resolution.
82 [23389959681920] INFO perfrun.launcher <> - the option was added --bandwidth-limits: Measure bandwidth limits
82 [23389959681920] INFO perfrun.launcher <> - the option was added --bandwidth-strategy: Bandwidth limits determination specific properties (example: --bandwidth-strategy array-size=0,duration=500).
82 [23389959681920] INFO perfrun.launcher <> - the option was added --bandwidth-config: List of benchmarks to run.
82 [23389959681920] INFO perfrun.launcher <> - the option was added --dump-vdso: Dump [vdso] to result directory
82 [23389959681920] INFO perfrun.launcher <> - the option was added --system-collector-config: Specify subcollectors. Possible values: all, container, device-info, none. Specify subcollectors. Possible values: all, vdso.
82 [23389959681920] INFO perfrun.launcher <> - the option was added --itt-config: Specify a sub-set of ITT API to collect.
82 [23389959681920] INFO perfrun.launcher <> - the option was added --itt-debug: Set pseudo-breakpoint at ITT API collector's start to enable the debugger to attach early.
82 [23389959681920] INFO perfrun.launcher <> - the option was added --gpu-config: Specify types of GPU data to be collected. Possible values: preset1, preset2.
82 [23389959681920] INFO perfrun.launcher <> - the option was added --gpu-debug: Enable self-testing of the GPGPU profiling collector.
82 [23389959681920] INFO perfrun.launcher <> - the option was added --gpu-counting: Collect GPU data in the counting mode.
82 [23389959681920] INFO perfrun.launcher <> - the option was added --stackwalk: Specify stack unwinding method. Possible values: online - unwind stacks during collection; offline - unwind stacks after collection is finished.
82 [23389959681920] INFO perfrun.launcher <> - the option was added --filter-include: Filter data during collection. Possible values: contended=<on|off> - filter out uncontended events; contended_nostack=<time> - filter out stacks for contended events that take less than <time> microseconds; wait=<time> - ignore transitions and blocks with wait time less than <time> microseconds; wait_nostack=<time> - filter out stacks for waits that take less than <time> microseconds.
82 [23389959681920] INFO perfrun.launcher <> - the option was added --debug-pin: Debug PIN tool and runtime.
82 [23389959681920] INFO perfrun.launcher <> - the option was added --debug-exception: Disallow the application to set own abnormal termination handler.
82 [23389959681920] INFO perfrun.launcher <> - the option was added --trace-type: Specify the trace file granularity. Possible values: per-thread - per-thread trace file generation; per-process - per-process trace file generation.
82 [23389959681920] INFO perfrun.launcher <> - the option was added --instrumentation-type: Specify type of instrumentation.
82 [23389959681920] INFO perfrun.launcher <> - the option was added --altstack: Enable or disable usage of altstacks for profiling signal handlers.
82 [23389959681920] INFO perfrun.launcher <> - the option was added --profiling-signal: Alternate profiling signal.
82 [23389959681920] INFO perfrun.launcher <> - the option was added --memory-strategy: Specify a minimal memory object size to be traced and a hash table size for faster objects search; for example: --memory-strategy obj-size-min=1024,hash-table-size=4096.
82 [23389959681920] INFO perfrun.launcher <> - the option was added --gpu-profiling-type: Specify a type of deep GPU profiling: none, bblatency, memlatency, instcount.
82 [23389959681920] INFO perfrun.launcher <> - the option was added --opencl-trace-mode: Specify OpenCL kernel tracing modes: 'default' to trace OpenCL kernels for Intel Graphics Driver only; 'epoch' for any non-Intel graphics, where OpenCL kernels will be traced and OpenCL profiling API timestamps will be interpreted as Unux Epoch time in nanoseconds; 'completion' to trace OpenCL kernels for any Graphics Driver and bind OpenCL profiling API timestamps to the timestamp of OpenCL completion callback.
82 [23389959681920] INFO perfrun.launcher <> - the option was added --gpu-kernels-to-profile: Specify a comma-separated list of GPU kernel names and invocations to be profiled in the following format: kernel_name[#start_idx#step#stop_idx], where kernel_name is the name of GPU kernel; start_idx is the number of the first invocation; and stop_idx is the number of the last invocation to be profiled.
84 [23389959681920] INFO perfrun.launcher <> - create msngr2::ICliToolContext
84 [23389959681920] INFO perfrun.launcher <> - create file finder object
84 [23389959681920] INFO perfrun.launcher <> - create a result directory: pattern = /mnt/lustre/e1000/home/m23oc/m23oc/s2484724/MD/C/opt_results/e000/hs001 pid = 4294967295
103 [23389959681920] INFO perfrun.sdk <> - checked that the directory /mnt/lustre/e1000/home/m23oc/m23oc/s2484724/MD/C/opt_results/e000/hs001 is a local directory
130 [23389959681920] INFO perfrun.sdk <> - the directory /mnt/lustre/e1000/home/m23oc/m23oc/s2484724/MD/C/opt_results/e000/hs001 is located on a share or its FS ID is unknown 198183888
130 [23389959681920] INFO perfrun.sdk <> - checked that the directory /dev/shm/s2484724_5580158/advixe-tmp-s2484724 is a local directory
130 [23389959681920] INFO perfrun.sdk <> - the directory /dev/shm/s2484724_5580158/advixe-tmp-s2484724 is a local directory with FS type ID 16914836
131 [23389959681920] INFO perfrun.launcher <> - Create a local result directory /dev/shm/s2484724_5580158/advixe-tmp-s2484724/advixe-res-653837-1431334037051588 due to the user result path /mnt/lustre/e1000/home/m23oc/m23oc/s2484724/MD/C/opt_results/e000/hs001 is located on a share
131 [23389959681920] INFO perfrun.launcher <> - create data directory = /dev/shm/s2484724_5580158/advixe-tmp-s2484724/advixe-res-653837-1431334037051588/data.0
133 [23389959681920] INFO perfrun.launcher <> - create data directory = /mnt/lustre/e1000/home/m23oc/m23oc/s2484724/MD/C/opt_results/e000/hs001/data.0
134 [23389959681920] INFO perfrun.launcher <> - Creating the master collection flag
140 [23389959681920] INFO perfrun.launcher <> - Done creating the master collection flag
148 [23389827507968] INFO perfrun.launcher <> - plugin [remoteplug] was disabled because it doesn't support the given collection type.
149 [23389827507968] INFO perfrun.sdk <> - Allocating TMU :/dev/shm/s2484724_5580158/advixe-tmp-s2484724/advixe-res-653837-1431334037051588/data.0/systemcollector-653837-r1i4n14.sc
149 [23389827507968] INFO perfrun.launcher <> - plugin [] was disabled because it doesn't support the given collection type.
149 [23389827507968] INFO perfrun.launcher <> - plugin [gpu] was disabled because it doesn't support the given collection type.
149 [23389827507968] INFO perfrun.launcher <> - plugin [] was disabled because it doesn't support the given collection type.
149 [23389827507968] INFO perfrun.launcher <> - plugin [] was disabled because it doesn't support the given collection type.
149 [23389827507968] INFO perfrun.launcher <> - plugin [] was disabled because it doesn't support the given collection type.
149 [23389827507968] INFO perfrun.mrte <> - system-wide mode is 0
149 [23389827507968] INFO perfrun.mrte <> - Getting  mrte profiling environment ...
373 [23389827507968] INFO perfrun.mrte <> - INTEL_MRTE_DATA_DIR=/dev/shm/s2484724_5580158/advixe-tmp-s2484724/advixe-res-653837-1431334037051588/data.0
373 [23389827507968] INFO perfrun.mrte <> - INTEL_MRTE_HOST_NAME=r1i4n14
373 [23389827507968] INFO perfrun.mrte <> - Data directory: /dev/shm/s2484724_5580158/advixe-tmp-s2484724/advixe-res-653837-1431334037051588/data.0
373 [23389827507968] INFO perfrun.mrte <> - Mrte plugin is initialized
373 [23389827507968] INFO perfrun.launcher <> - plugin [] was disabled because it doesn't support the given collection type.
373 [23389827507968] INFO perfrun.launcher <> - plugin [] was disabled because it doesn't support the given collection type.
373 [23389827507968] INFO perfrun.launcher <> - plugin [] was disabled because it doesn't support the given collection type.
373 [23389827507968] INFO perfrun.launcher <> - plugin [] was disabled because it doesn't support the given collection type.
373 [23389827507968] INFO perfrun.launcher <> - plugin [] was disabled because it doesn't support the given collection type.
373 [23389827507968] INFO perfrun.launcher <> - plugin [] was disabled because it doesn't support the given collection type.
373 [23389827507968] INFO perfrun.launcher <> - plugin [] was disabled because it doesn't support the given collection type.
373 [23389827507968] INFO perfrun.tpss <> - initialize tpss controller
373 [23389827507968] INFO perfrun.tpss <> - configure collection mode: value = cpu:stack
373 [23389827507968] INFO perfrun.tpss <> - default obj-size-min=1024
373 [23389827507968] INFO perfrun.tpss <> - default hash-table-size=0
406 [23389827507968] INFO perfrun.launcher <> - plugin [] was disabled because it doesn't support the given collection type.
406 [23389827507968] INFO perfrun.launcher <> - plugin [] was disabled because it doesn't support the given collection type.
406 [23389827507968] INFO perfrun.launcher <> - plugin [] was disabled because it doesn't support the given collection type.
406 [23389827507968] INFO perfrun.launcher <> - plugin [] was disabled because it doesn't support the given collection type.
406 [23389827507968] INFO perfrun.launcher <> - plugin [] was disabled because it doesn't support the given collection type.
406 [23389827507968] INFO perfrun.launcher <> - plugin [] was disabled because it doesn't support the given collection type.
406 [23389827507968] INFO perfrun.launcher <> - plugin [] was disabled because it doesn't support the given collection type.
406 [23389827507968] INFO perfrun.launcher <> - plugin [] was disabled because it doesn't support the given collection type.
406 [23389827507968] INFO perfrun.launcher <> - plugin [] was disabled because it doesn't support the given collection type.
406 [23389827507968] INFO perfrun.launcher <> - plugin [] was disabled because it doesn't support the given collection type.
406 [23389959681920] INFO perfrun.launcher <> - set environment variable: LD_LIBRARY_PATH = /mnt/lustre/e1000/home/y07/shared/cirrus-software/intel/advisor_2020.3.0.607294/lib32/runtime:/mnt/lustre/e1000/home/y07/shared/cirrus-software/intel/advisor_2020.3.0.607294/lib64/runtime:/work/y07/shared/cirrus-software/intel/compilers_and_libraries_2020.4.304/linux/compiler/lib/intel64:/work/y07/shared/cirrus-software/gcc/10.2.0/lib64:/work/y07/shared/cirrus-software/gcc/10.2.0/lib
406 [23389959681920] INFO perfrun.launcher <> - set environment variable: INTEL_LIBITTNOTIFY32 = /mnt/lustre/e1000/home/y07/shared/cirrus-software/intel/advisor_2020.3.0.607294/lib32/runtime/libittnotify_collector.so
406 [23389959681920] INFO perfrun.launcher <> - set environment variable: INTEL_LIBITTNOTIFY64 = /mnt/lustre/e1000/home/y07/shared/cirrus-software/intel/advisor_2020.3.0.607294/lib64/runtime/libittnotify_collector.so
406 [23389959681920] INFO perfrun.launcher <> - set environment variable: INTEL_ITTNOTIFY_GROUPS = 
406 [23389959681920] INFO perfrun.launcher <> - set environment variable: INTEL_JIT_PROFILER32 = /mnt/lustre/e1000/home/y07/shared/cirrus-software/intel/advisor_2020.3.0.607294/lib32/runtime/libittnotify_collector.so
406 [23389959681920] INFO perfrun.launcher <> - set environment variable: INTEL_JIT_PROFILER64 = /mnt/lustre/e1000/home/y07/shared/cirrus-software/intel/advisor_2020.3.0.607294/lib64/runtime/libittnotify_collector.so
406 [23389959681920] INFO perfrun.launcher <> - set environment variable: VS_PROFILER = libittnotify_collector.so
406 [23389959681920] INFO perfrun.launcher <> - set environment variable: ENABLE_JITPROFILING = 1
406 [23389959681920] INFO perfrun.launcher <> - set environment variable: CL_CONFIG_USE_VTUNE = True
406 [23389959681920] INFO perfrun.launcher <> - set environment variable: __OCL_MIC_INTEL_LIBITTNOTIFY64 = /amplxe/results/libittnotify_collector.so
406 [23389959681920] INFO perfrun.launcher <> - set environment variable: __OCL_MIC_INTEL_JIT_PROFILER64 = /amplxe/results/libittnotify_collector.so
406 [23389959681920] INFO perfrun.launcher <> - set environment variable: KMP_FORKJOIN_FRAMES = 0
406 [23389959681920] INFO perfrun.launcher <> - set environment variable: KMP_FORKJOIN_FRAMES_MODE = 0
406 [23389959681920] INFO perfrun.launcher <> - set environment variable: OMP_TOOL = disabled
406 [23389959681920] INFO perfrun.launcher <> - set environment variable: INTEL_MRTE_DATA_DIR = /dev/shm/s2484724_5580158/advixe-tmp-s2484724/advixe-res-653837-1431334037051588/data.0
406 [23389959681920] INFO perfrun.launcher <> - set environment variable: INTEL_MRTE_HOST_NAME = r1i4n14
406 [23389959681920] INFO perfrun.launcher <> - RpcServer: run RPC server to handle requests
408 [23389959681920] INFO perfrun.launcher <> - Launcher: command line to start before modification = ./MD
410 [23389959681920] INFO perfrun.launcher <> - Launcher: command line to start after modification = /mnt/lustre/e1000/home/y07/shared/cirrus-software/intel/advisor_2020.3.0.607294/bin64/pin -error_file /dev/shm/s2484724_5580158/advixe-tmp-s2484724/advixe-res-653837-1431334037051588/data.0/pinerr.tpsslog -detach_reattach -follow_execv -tool_load_option deepbind -t64 /mnt/lustre/e1000/home/y07/shared/cirrus-software/intel/advisor_2020.3.0.607294/lib64/libtpsstool.so -t /mnt/lustre/e1000/home/y07/shared/cirrus-software/intel/advisor_2020.3.0.607294/lib32/libtpsstool.so -server_name tpss_ipc.653837 -prd_dir /mnt/lustre/e1000/home/y07/shared/cirrus-software/intel/advisor_2020.3.0.607294 -- ./MD
410 [23389959681920] INFO perfrun.launcher <> - ProcessCreator object was created
411 [23389959681920] INFO perfrun.launcher <> - Launcher: the process was started in suspend mode
420 [23389827507968] WARN perfrun.system <> - Could not do anything with /sys/kernel/debug/kvm: boost::filesystem::status: Permission denied: "/sys/kernel/debug/kvm", at file: vcs/perfrun1/plugins/system/src/trace_writer.cpp:774
420 [23389827507968] WARN perfrun.system <> - Folder "/var/run/libvirt/qemu/"doesn't exist, at file: vcs/perfrun1/plugins/system/src/trace_writer.cpp:787
428 [23389827507968] WARN perfrun.sdk <> - Failed to find xl binary on any of the system paths: /bin, /sbin, /usr/bin, /usr/sbin., at file: vcs/perfrun1/sdk/src/utils.cpp:199
436 [23389827507968] INFO perfrun.vdso <> - Helper runtool '/mnt/lustre/e1000/home/y07/shared/cirrus-software/intel/advisor_2020.3.0.607294/bin32/advixe-runss -dump-vdso -r /dev/shm/s2484724_5580158/advixe-tmp-s2484724/advixe-res-653837-1431334037051588 --tmp-dir /dev/shm/s2484724_5580158/advixe-tmp-s2484724' returned 1
610 [23389827507968] INFO perfrun.vdso <> - Helper runtool '/mnt/lustre/e1000/home/y07/shared/cirrus-software/intel/advisor_2020.3.0.607294/bin64/advixe-runss -dump-vdso -r /dev/shm/s2484724_5580158/advixe-tmp-s2484724/advixe-res-653837-1431334037051588 --tmp-dir /dev/shm/s2484724_5580158/advixe-tmp-s2484724' returned 0
610 [23389827507968] INFO perfrun.itt <> - start itt controller for pid #653904
610 [23389827507968] INFO perfrun.tpss <> - start tpss controller for pid #653904
660 [23389959681920] INFO perfrun.launcher <> - Launcher: all plugins were started
660 [23389959681920] INFO perfrun.launcher <> - DirectoryMonitor object was created
660 [23389959681920] INFO perfrun.launcher <> - DirectoryMonitor: a callback was added
660 [23389959681920] INFO perfrun.launcher <> - DirectoryMonitor was started with pingTime = 1000
660 [23389959681920] INFO perfrun.launcher <> - DeadlineTimer is going to be constructed
661 [23389959681920] INFO perfrun.launcher <> - DeadlineTimer: a callback was added
669 [23389959681920] INFO perfrun.launcher <> - Launcher: resume the profiled application and  wait its termination or stop command
